c:\users\harry\desktop\files\projects\analoglibrary\analoglibrary\x64\debug\analoglibrary.pch
c:\users\harry\desktop\files\projects\analoglibrary\analoglibrary\x64\debug\vc143.pdb
c:\users\harry\desktop\files\projects\analoglibrary\analoglibrary\x64\debug\vc143.idb
c:\users\harry\desktop\files\projects\analoglibrary\analoglibrary\x64\debug\pch.obj
c:\users\harry\desktop\files\projects\analoglibrary\analoglibrary\x64\debug\analog.obj
d:\files\programming\projects\analoglibrary\analoglibrary\x64\debug\analoglibrary.pch
d:\files\programming\projects\analoglibrary\analoglibrary\x64\debug\vc143.pdb
d:\files\programming\projects\analoglibrary\analoglibrary\x64\debug\vc143.idb
d:\files\programming\projects\analoglibrary\analoglibrary\x64\debug\pch.obj
d:\files\programming\projects\analoglibrary\analoglibrary\x64\debug\analog.obj
c:\users\harry\desktop\files\projects\analoglibrary\x64\debug\analoglibrary.dll
c:\users\harry\desktop\files\projects\analoglibrary\analoglibrary\x64\debug\analoglibrary.ilk
c:\users\harry\desktop\files\projects\analoglibrary\x64\debug\analoglibrary.pdb
d:\files\programming\projects\analoglibrary\analoglibrary\x64\debug\analoglibrary.ilk
d:\files\programming\projects\analoglibrary\x64\debug\analoglibrary.dll
d:\files\programming\projects\analoglibrary\x64\debug\analoglibrary.pdb
d:\files\programming\projects\analoglibrary\analoglibrary\x64\debug\analoglibrary.tlog\cl.command.1.tlog
d:\files\programming\projects\analoglibrary\analoglibrary\x64\debug\analoglibrary.tlog\cl.read.1.tlog
d:\files\programming\projects\analoglibrary\analoglibrary\x64\debug\analoglibrary.tlog\cl.write.1.tlog
d:\files\programming\projects\analoglibrary\analoglibrary\x64\debug\analoglibrary.tlog\link.command.1.tlog
d:\files\programming\projects\analoglibrary\analoglibrary\x64\debug\analoglibrary.tlog\link.read.1.tlog
d:\files\programming\projects\analoglibrary\analoglibrary\x64\debug\analoglibrary.tlog\link.write.1.tlog
